<?xml version="1.0" encoding="UTF-8"?>
<testsuite xmlns:xsi="http://www.w3.org/2001/XMLSchema-instance" xsi:noNamespaceSchemaLocation="https://maven.apache.org/surefire/maven-surefire-plugin/xsd/surefire-test-report.xsd" name="io.github.agomosodev.SavingsAccountTest" time="0.059" tests="4" errors="0" skipped="0" failures="0">
  <properties>
[...]
</properties>
  <testcase name="constructorAndApplyInterest" classname="io.github.agomosodev.SavingsAccountTest" time="0.016"/>
  <testcase name="negativeInterestInConstructorThrows" classname="io.github.agomosodev.SavingsAccountTest" time="0"/>
  <testcase name="negativeInterestInSetterThrows" classname="io.github.agomosodev.SavingsAccountTest" time="0"/>
  <testcase name="invalidIbanRejectedInSavingsAccount" classname="io.github.agomosodev.SavingsAccountTest" time="0"/>
</testsuite>